Arguments: 
  C:\Program Files\nodejs\node.exe C:\Program Files (x86)\Yarn\bin\yarn.js install

PATH: 
  C:\Users\Tertre\bin;C:\Program Files\Git\mingw64\bin;C:\Program Files\Git\usr\local\bin;C:\Program Files\Git\usr\bin;C:\Program Files\Git\usr\bin;C:\Program Files\Git\mingw64\bin;C:\Program Files\Git\usr\bin;C:\Users\Tertre\bin;C:\Program Files\ImageMagick-6.9.3-Q16;C:\ProgramData\Oracle\Java\javapath;C:\Program Files (x86)\Intel\iCLS Client;C:\Program Files\Intel\iCLS Client;C:\oracle\ORA11G;C:\oracle\ORA11G\bin;C:\oracle\ORA11G;C:\oracle\ORA11G\bin;C:\oracle\ORA11G;C:\oracle\ORA11G\bin;C:\WINDOWS\system32;C:\WINDOWS;C:\WINDOWS\System32\Wbem;C:\WINDOWS\System32\WindowsPowerShell\v1.0;C:\oracle;C:\oracle\instantclient_10_2;C:\oracle\instantclient_11_1;C:\oracle\instantclient_11_2;C:\Program Files\Intel\Intel(R) Management Engine Components\DAL;C:\Program Files (x86)\Intel\Intel(R) Management Engine Components\DAL;C:\Program Files\Intel\Intel(R) Management Engine Components\IPT;C:\Program Files (x86)\Intel\Intel(R) Management Engine Components\IPT;C:\Program Files (x86)\Enterprise Vault\EVClient;C:\Program Files\TortoiseSVN\bin;C:\Program Files (x86)\Skype\Phone;D:\Programmes\Apache-Subversion-1.9.3\bin;C:\Program Files\Git\cmd;C:\wamp64\bin\php\php5.6.16;C:\ProgramData\ComposerSetup\bin;C:\Program Files\PostgreSQL\9.5\bin;C:\Program Files\nodejs;C:\Program Files (x86)\Yarn\bin;C:\Program Files\Sublime Text 3;C:\apache-maven\bin;C:\Users\Tertre\AppData\Roaming\Composer\vendor\bin;C:\Program Files\Docker Toolbox;C:\Users\Tertre\AppData\Roaming\npm;C:\Users\Tertre\AppData\Local\Yarn\bin;C:\Program Files\Microsoft VS Code\bin;C:\Program Files\Git\usr\bin\vendor_perl;C:\Program Files\Git\usr\bin\core_perl

Yarn version: 
  1.0.2

Node version: 
  8.5.0

Platform: 
  win32 x64

npm manifest: 
  {
    "name": "angular-admin-lte",
    "version": "0.0.0",
    "license": "MIT",
    "scripts": {
      "ng": "ng",
      "start": "ng serve",
      "build": "ng build",
      "test": "ng test",
      "lint": "ng lint",
      "e2e": "ng e2e"
    },
    "private": true,
    "dependencies": {
      "@angular/animations": "^4.4.3",
      "@angular/common": "^4.4.3",
      "@angular/compiler": "^4.4.3",
      "@angular/core": "^4.4.3",
      "@angular/forms": "^4.4.3",
      "@angular/http": "^4.4.3",
      "@angular/platform-browser": "^4.4.3",
      "@angular/platform-browser-dynamic": "^4.4.3",
      "@angular/platform-server": "^4.4.3",
      "@angular/router": "^4.4.3",
      "@types/bootstrap-datepicker": "0.0.9",
      "@types/bootstrap.v3.datetimepicker": "^4.17.41",
      "@types/daterangepicker": "^2.1.10",
      "@types/icheck": "^0.8.29",
      "@types/jquery-knob": "^1.2.29",
      "@types/jquery.slimscroll": "^1.3.31",
      "@types/jqueryui": "^1.11.35",
      "admin-lte": "2.3.11",
      "bootstrap": "^3.3.7",
      "bootstrap-datepicker": "^1.7.1",
      "bootstrap3-wysihtml5-bower": "^0.3.3",
      "core-js": "^2.4.1",
      "daterangepicker": "^2.1.25",
      "font-awesome": "^4.7.0",
      "icheck": "^1.0.2",
      "install": "^0.10.1",
      "ionicons": "^2.0.1",
      "jquery": "^2.2.3",
      "jquery-knob": "^1.2.11",
      "jquery-slimscroll": "^1.3.8",
      "jquery-sparkline": "^2.4.0",
      "jqueryui": "^1.11.1",
      "moment": "^2.18.1",
      "morris.js": "^0.5.0",
      "npm": "^5.3.0",
      "raphael": "^2.2.7",
      "rxjs": "^5.4.3",
      "zone.js": "^0.8.17"
    },
    "devDependencies": {
      "@angular/cli": "^1.4.3",
      "@angular/compiler-cli": "^4.4.3",
      "@angular/language-service": "^4.4.3",
      "@types/jasmine": "~2.6.0",
      "@types/jasminewd2": "~2.0.2",
      "@types/jquery": "^2.0.47",
      "@types/morris.js": "^0.5.6",
      "@types/node": "~6.0.60",
      "codelyzer": "~3.2.0",
      "jasmine-core": "~2.8.0",
      "jasmine-spec-reporter": "~4.2.1",
      "karma": "~1.7.0",
      "karma-chrome-launcher": "~2.1.1",
      "karma-cli": "~1.0.1",
      "karma-coverage-istanbul-reporter": "^1.3.0",
      "karma-jasmine": "~1.1.0",
      "karma-jasmine-html-reporter": "^0.2.2",
      "protractor": "~5.1.2",
      "ts-node": "~3.3.0",
      "tslint": "~5.7.0",
      "typescript": "~2.3.3"
    }
  }

yarn manifest: 
  No manifest

Lockfile: 
  No lockfile

Trace: 
  Error: getaddrinfo ENOTFOUND proxy.brgm.fr proxy.brgm.fr:8080
      at errnoException (dns.js:53:10)
      at GetAddrInfoReqWrap.onlookup [as oncomplete] (dns.js:95:26)
